[ 2018-08-01T05:05:53+08:00 ] 192.168.56.1 /%E6%A8%A1%E5%9D%97/%E6%8E%A7%E5%88%B6%E5%99%A8/%E6%96%B9%E6%B3%95
INFO: [ app_init ] --START--
INFO: Run Behavior\BuildLiteBehavior [ RunTime:0.000013s ]
INFO: [ app_init ] --END-- [ RunTime:0.000110s ]
ERR: 无法加载模块:模块

[ 2018-08-01T17:05:51+08:00 ] 192.168.56.1 /Content/index/p/2.html
INFO: [ app_init ] --START--
INFO: Run Behavior\BuildLiteBehavior [ RunTime:0.000014s ]
INFO: [ app_init ] --END-- [ RunTime:0.000084s ]
ERR: 无法加载模块:Content

[ 2018-08-01T17:05:59+08:00 ] 192.168.56.1 /Content/index/p/2.html
INFO: [ app_init ] --START--
INFO: Run Behavior\BuildLiteBehavior [ RunTime:0.000015s ]
INFO: [ app_init ] --END-- [ RunTime:0.000122s ]
ERR: 无法加载模块:Content

[ 2018-08-01T17:06:10+08:00 ] 192.168.56.1 /Content/index/p/2.html
INFO: [ app_init ] --START--
INFO: Run Behavior\BuildLiteBehavior [ RunTime:0.000018s ]
INFO: [ app_init ] --END-- [ RunTime:0.000130s ]
ERR: 无法加载模块:Content

